2025-03-07T10:57:01.654Z - INFO - Configuration loaded successfully
2025-03-07T10:57:01.658Z - INFO - Data loaded with 20 entries
2025-03-07T10:57:01.659Z - ERROR - Uncaught exception: listen EADDRINUSE: address already in use :::8080
Error: listen EADDRINUSE: address already in use :::8080
    at Server.setupListenHandle [as _listen2] (node:net:1937:16)
    at listenInCluster (node:net:1994:12)
    at Server.listen (node:net:2099:7)
    at Function.listen (/Users/tylerwillis/Local Code/split board subway display/fork/split-flap/node_modules/express/lib/application.js:618:24)
    at Object.<anonymous> (/Users/tylerwillis/Local Code/split board subway display/fork/split-flap/app.js:245:20)
    at Module._compile (node:internal/modules/cjs/loader:1734:14)
    at Object..js (node:internal/modules/cjs/loader:1899:10)
    at Module.load (node:internal/modules/cjs/loader:1469:32)
    at Function._load (node:internal/modules/cjs/loader:1286:12)
    at TracingChannel.traceSync (node:diagnostics_channel:322:14)
2025-03-07T10:57:21.659Z - INFO - Data loaded with 20 entries
2025-03-07T10:57:21.677Z - INFO - Data refreshed at 2:57 AM
2025-03-07T10:57:41.660Z - INFO - Data loaded with 20 entries
2025-03-07T10:57:41.662Z - INFO - Data refreshed at 2:57 AM
2025-03-07T10:58:01.662Z - INFO - Data loaded with 20 entries
2025-03-07T10:58:01.665Z - INFO - Data refreshed at 2:58 AM
2025-03-07T10:58:21.663Z - INFO - Data loaded with 20 entries
2025-03-07T10:58:21.666Z - INFO - Data refreshed at 2:58 AM
2025-03-07T10:58:41.664Z - INFO - Data loaded with 20 entries
2025-03-07T10:58:41.666Z - INFO - Data refreshed at 2:58 AM
2025-03-07T10:59:01.664Z - INFO - Data loaded with 20 entries
2025-03-07T10:59:01.665Z - INFO - Data refreshed at 2:59 AM
2025-03-07T10:59:21.665Z - INFO - Data loaded with 20 entries
2025-03-07T10:59:21.665Z - INFO - Data refreshed at 2:59 AM
2025-03-07T10:59:41.666Z - INFO - Data loaded with 20 entries
2025-03-07T10:59:41.667Z - INFO - Data refreshed at 2:59 AM
2025-03-07T11:00:01.667Z - INFO - Data loaded with 20 entries
2025-03-07T11:00:01.668Z - INFO - Data refreshed at 3:00 AM
2025-03-07T11:00:21.667Z - INFO - Data loaded with 20 entries
2025-03-07T11:00:21.668Z - INFO - Data refreshed at 3:00 AM
2025-03-07T11:00:41.669Z - INFO - Data loaded with 20 entries
2025-03-07T11:00:41.670Z - INFO - Data refreshed at 3:00 AM
2025-03-07T11:01:01.669Z - INFO - Data loaded with 20 entries
2025-03-07T11:01:01.671Z - INFO - Data refreshed at 3:01 AM
2025-03-07T11:01:21.670Z - INFO - Data loaded with 20 entries
2025-03-07T11:01:21.671Z - INFO - Data refreshed at 3:01 AM
2025-03-07T11:01:41.671Z - INFO - Data loaded with 20 entries
2025-03-07T11:01:41.672Z - INFO - Data refreshed at 3:01 AM
