2025-03-07 02:48:49 - INFO - Starting SF moving resources data processor
2025-03-07 02:48:49 - INFO - Configuration loaded successfully
2025-03-07 02:48:49 - INFO - Configuration loaded successfully
2025-03-07 02:48:49 - INFO - Reading SF moving resources data...
2025-03-07 02:48:49 - INFO - Read 20 entries from CSV file
2025-03-07 02:48:49 - INFO - Data successfully written to output.json
2025-03-07 02:48:49 - INFO - Waiting 20 seconds before next update...
2025-03-07 02:49:09 - INFO - Configuration loaded successfully
2025-03-07 02:49:09 - INFO - Reading SF moving resources data...
2025-03-07 02:49:09 - INFO - Read 20 entries from CSV file
2025-03-07 02:49:09 - INFO - Data successfully written to output.json
2025-03-07 02:49:09 - INFO - Waiting 20 seconds before next update...
2025-03-07 02:49:29 - INFO - Configuration loaded successfully
2025-03-07 02:49:29 - INFO - Reading SF moving resources data...
2025-03-07 02:49:29 - INFO - Read 20 entries from CSV file
2025-03-07 02:49:29 - INFO - Data successfully written to output.json
2025-03-07 02:49:29 - INFO - Waiting 20 seconds before next update...
2025-03-07 02:49:49 - INFO - Configuration loaded successfully
2025-03-07 02:49:49 - INFO - Reading SF moving resources data...
2025-03-07 02:49:49 - INFO - Read 20 entries from CSV file
2025-03-07 02:49:49 - INFO - Data successfully written to output.json
2025-03-07 02:49:49 - INFO - Waiting 20 seconds before next update...
2025-03-07 02:50:09 - INFO - Configuration loaded successfully
2025-03-07 02:50:09 - INFO - Reading SF moving resources data...
2025-03-07 02:50:09 - INFO - Read 20 entries from CSV file
2025-03-07 02:50:09 - INFO - Data successfully written to output.json
2025-03-07 02:50:09 - INFO - Waiting 20 seconds before next update...
2025-03-07 02:50:29 - INFO - Configuration loaded successfully
2025-03-07 02:50:29 - INFO - Reading SF moving resources data...
2025-03-07 02:50:29 - INFO - Read 20 entries from CSV file
2025-03-07 02:50:29 - INFO - Data successfully written to output.json
2025-03-07 02:50:29 - INFO - Waiting 20 seconds before next update...
2025-03-07 02:50:49 - INFO - Configuration loaded successfully
2025-03-07 02:50:49 - INFO - Reading SF moving resources data...
2025-03-07 02:50:49 - INFO - Read 20 entries from CSV file
2025-03-07 02:50:49 - INFO - Data successfully written to output.json
2025-03-07 02:50:49 - INFO - Waiting 20 seconds before next update...
2025-03-07 02:51:09 - INFO - Configuration loaded successfully
2025-03-07 02:51:09 - INFO - Reading SF moving resources data...
2025-03-07 02:51:09 - INFO - Read 20 entries from CSV file
2025-03-07 02:51:09 - INFO - Data successfully written to output.json
2025-03-07 02:51:09 - INFO - Waiting 20 seconds before next update...
2025-03-07 02:51:29 - INFO - Configuration loaded successfully
2025-03-07 02:51:29 - INFO - Reading SF moving resources data...
2025-03-07 02:51:29 - INFO - Read 20 entries from CSV file
2025-03-07 02:51:29 - INFO - Data successfully written to output.json
2025-03-07 02:51:29 - INFO - Waiting 20 seconds before next update...
2025-03-07 02:51:49 - INFO - Configuration loaded successfully
2025-03-07 02:51:49 - INFO - Reading SF moving resources data...
2025-03-07 02:51:49 - INFO - Read 20 entries from CSV file
2025-03-07 02:51:49 - INFO - Data successfully written to output.json
2025-03-07 02:51:49 - INFO - Waiting 20 seconds before next update...
2025-03-07 02:52:09 - INFO - Configuration loaded successfully
2025-03-07 02:52:09 - INFO - Reading SF moving resources data...
2025-03-07 02:52:09 - INFO - Read 20 entries from CSV file
2025-03-07 02:52:09 - INFO - Data successfully written to output.json
2025-03-07 02:52:09 - INFO - Waiting 20 seconds before next update...
2025-03-07 02:52:29 - INFO - Configuration loaded successfully
2025-03-07 02:52:29 - INFO - Reading SF moving resources data...
2025-03-07 02:52:29 - INFO - Read 20 entries from CSV file
2025-03-07 02:52:29 - INFO - Data successfully written to output.json
2025-03-07 02:52:29 - INFO - Waiting 20 seconds before next update...
2025-03-07 02:52:49 - INFO - Configuration loaded successfully
2025-03-07 02:52:49 - INFO - Reading SF moving resources data...
2025-03-07 02:52:49 - INFO - Read 20 entries from CSV file
2025-03-07 02:52:49 - INFO - Data successfully written to output.json
2025-03-07 02:52:49 - INFO - Waiting 20 seconds before next update...
2025-03-07 02:53:09 - INFO - Configuration loaded successfully
2025-03-07 02:53:09 - INFO - Reading SF moving resources data...
2025-03-07 02:53:09 - INFO - Read 20 entries from CSV file
2025-03-07 02:53:09 - INFO - Data successfully written to output.json
2025-03-07 02:53:09 - INFO - Waiting 20 seconds before next update...
2025-03-07 02:53:29 - INFO - Configuration loaded successfully
2025-03-07 02:53:29 - INFO - Reading SF moving resources data...
2025-03-07 02:53:29 - INFO - Read 20 entries from CSV file
2025-03-07 02:53:29 - INFO - Data successfully written to output.json
2025-03-07 02:53:29 - INFO - Waiting 20 seconds before next update...
2025-03-07 02:53:49 - INFO - Configuration loaded successfully
2025-03-07 02:53:49 - INFO - Reading SF moving resources data...
2025-03-07 02:53:49 - INFO - Read 20 entries from CSV file
2025-03-07 02:53:49 - INFO - Data successfully written to output.json
2025-03-07 02:53:49 - INFO - Waiting 20 seconds before next update...
2025-03-07 02:54:09 - INFO - Configuration loaded successfully
2025-03-07 02:54:09 - INFO - Reading SF moving resources data...
2025-03-07 02:54:09 - INFO - Read 20 entries from CSV file
2025-03-07 02:54:09 - INFO - Data successfully written to output.json
2025-03-07 02:54:09 - INFO - Waiting 20 seconds before next update...
2025-03-07 02:54:29 - INFO - Configuration loaded successfully
2025-03-07 02:54:29 - INFO - Reading SF moving resources data...
2025-03-07 02:54:29 - INFO - Read 20 entries from CSV file
2025-03-07 02:54:29 - INFO - Data successfully written to output.json
2025-03-07 02:54:29 - INFO - Waiting 20 seconds before next update...
2025-03-07 02:54:49 - INFO - Configuration loaded successfully
2025-03-07 02:54:49 - INFO - Reading SF moving resources data...
2025-03-07 02:54:49 - INFO - Read 20 entries from CSV file
2025-03-07 02:54:49 - INFO - Data successfully written to output.json
2025-03-07 02:54:49 - INFO - Waiting 20 seconds before next update...
2025-03-07 02:55:09 - INFO - Configuration loaded successfully
2025-03-07 02:55:09 - INFO - Reading SF moving resources data...
2025-03-07 02:55:09 - INFO - Read 20 entries from CSV file
2025-03-07 02:55:09 - INFO - Data successfully written to output.json
2025-03-07 02:55:09 - INFO - Waiting 20 seconds before next update...
2025-03-07 02:55:29 - INFO - Configuration loaded successfully
2025-03-07 02:55:29 - INFO - Reading SF moving resources data...
2025-03-07 02:55:29 - INFO - Read 20 entries from CSV file
2025-03-07 02:55:29 - INFO - Data successfully written to output.json
2025-03-07 02:55:29 - INFO - Waiting 20 seconds before next update...
2025-03-07 02:55:49 - INFO - Configuration loaded successfully
2025-03-07 02:55:49 - INFO - Reading SF moving resources data...
2025-03-07 02:55:49 - INFO - Read 20 entries from CSV file
2025-03-07 02:55:49 - INFO - Data successfully written to output.json
2025-03-07 02:55:49 - INFO - Waiting 20 seconds before next update...
2025-03-07 02:56:09 - INFO - Configuration loaded successfully
2025-03-07 02:56:09 - INFO - Reading SF moving resources data...
2025-03-07 02:56:09 - INFO - Read 20 entries from CSV file
2025-03-07 02:56:09 - INFO - Data successfully written to output.json
2025-03-07 02:56:09 - INFO - Waiting 20 seconds before next update...
2025-03-07 02:56:29 - INFO - Configuration loaded successfully
2025-03-07 02:56:29 - INFO - Reading SF moving resources data...
2025-03-07 02:56:29 - INFO - Read 20 entries from CSV file
2025-03-07 02:56:29 - INFO - Data successfully written to output.json
2025-03-07 02:56:29 - INFO - Waiting 20 seconds before next update...
2025-03-07 02:56:49 - INFO - Configuration loaded successfully
2025-03-07 02:56:49 - INFO - Reading SF moving resources data...
2025-03-07 02:56:49 - INFO - Read 20 entries from CSV file
2025-03-07 02:56:49 - INFO - Data successfully written to output.json
2025-03-07 02:56:49 - INFO - Waiting 20 seconds before next update...
2025-03-07 02:56:56 - INFO - Starting SF moving resources data processor
2025-03-07 02:56:56 - INFO - Configuration loaded successfully
2025-03-07 02:56:56 - INFO - Configuration loaded successfully
2025-03-07 02:56:56 - INFO - Reading SF moving resources data...
2025-03-07 02:56:56 - INFO - Read 20 entries from CSV file
2025-03-07 02:56:56 - INFO - Data successfully written to output.json
2025-03-07 02:56:56 - INFO - Waiting 20 seconds before next update...
2025-03-07 02:57:09 - INFO - Configuration loaded successfully
2025-03-07 02:57:09 - INFO - Reading SF moving resources data...
2025-03-07 02:57:09 - INFO - Read 20 entries from CSV file
2025-03-07 02:57:09 - INFO - Data successfully written to output.json
2025-03-07 02:57:09 - INFO - Waiting 20 seconds before next update...
2025-03-07 02:57:16 - INFO - Configuration loaded successfully
2025-03-07 02:57:16 - INFO - Reading SF moving resources data...
2025-03-07 02:57:16 - INFO - Read 20 entries from CSV file
2025-03-07 02:57:16 - INFO - Data successfully written to output.json
2025-03-07 02:57:16 - INFO - Waiting 20 seconds before next update...
2025-03-07 02:57:29 - INFO - Configuration loaded successfully
2025-03-07 02:57:29 - INFO - Reading SF moving resources data...
2025-03-07 02:57:29 - INFO - Read 20 entries from CSV file
2025-03-07 02:57:29 - INFO - Data successfully written to output.json
2025-03-07 02:57:29 - INFO - Waiting 20 seconds before next update...
2025-03-07 02:57:36 - INFO - Configuration loaded successfully
2025-03-07 02:57:36 - INFO - Reading SF moving resources data...
2025-03-07 02:57:36 - INFO - Read 20 entries from CSV file
2025-03-07 02:57:36 - INFO - Data successfully written to output.json
2025-03-07 02:57:36 - INFO - Waiting 20 seconds before next update...
2025-03-07 02:57:49 - INFO - Configuration loaded successfully
2025-03-07 02:57:49 - INFO - Reading SF moving resources data...
2025-03-07 02:57:49 - INFO - Read 20 entries from CSV file
2025-03-07 02:57:49 - INFO - Data successfully written to output.json
2025-03-07 02:57:49 - INFO - Waiting 20 seconds before next update...
2025-03-07 02:57:56 - INFO - Configuration loaded successfully
2025-03-07 02:57:56 - INFO - Reading SF moving resources data...
2025-03-07 02:57:56 - INFO - Read 20 entries from CSV file
2025-03-07 02:57:56 - INFO - Data successfully written to output.json
2025-03-07 02:57:56 - INFO - Waiting 20 seconds before next update...
2025-03-07 02:58:09 - INFO - Configuration loaded successfully
2025-03-07 02:58:09 - INFO - Reading SF moving resources data...
2025-03-07 02:58:09 - INFO - Read 20 entries from CSV file
2025-03-07 02:58:09 - INFO - Data successfully written to output.json
2025-03-07 02:58:09 - INFO - Waiting 20 seconds before next update...
2025-03-07 02:58:16 - INFO - Configuration loaded successfully
2025-03-07 02:58:16 - INFO - Reading SF moving resources data...
2025-03-07 02:58:16 - INFO - Read 20 entries from CSV file
2025-03-07 02:58:16 - INFO - Data successfully written to output.json
2025-03-07 02:58:16 - INFO - Waiting 20 seconds before next update...
2025-03-07 02:58:29 - INFO - Configuration loaded successfully
2025-03-07 02:58:29 - INFO - Reading SF moving resources data...
2025-03-07 02:58:29 - INFO - Read 20 entries from CSV file
2025-03-07 02:58:29 - INFO - Data successfully written to output.json
2025-03-07 02:58:29 - INFO - Waiting 20 seconds before next update...
2025-03-07 02:58:36 - INFO - Configuration loaded successfully
2025-03-07 02:58:36 - INFO - Reading SF moving resources data...
2025-03-07 02:58:36 - INFO - Read 20 entries from CSV file
2025-03-07 02:58:36 - INFO - Data successfully written to output.json
2025-03-07 02:58:36 - INFO - Waiting 20 seconds before next update...
2025-03-07 02:58:49 - INFO - Configuration loaded successfully
2025-03-07 02:58:49 - INFO - Reading SF moving resources data...
2025-03-07 02:58:49 - INFO - Read 20 entries from CSV file
2025-03-07 02:58:49 - INFO - Data successfully written to output.json
2025-03-07 02:58:49 - INFO - Waiting 20 seconds before next update...
2025-03-07 02:58:56 - INFO - Configuration loaded successfully
2025-03-07 02:58:56 - INFO - Reading SF moving resources data...
2025-03-07 02:58:56 - INFO - Read 20 entries from CSV file
2025-03-07 02:58:56 - INFO - Data successfully written to output.json
2025-03-07 02:58:56 - INFO - Waiting 20 seconds before next update...
2025-03-07 02:59:09 - INFO - Configuration loaded successfully
2025-03-07 02:59:09 - INFO - Reading SF moving resources data...
2025-03-07 02:59:09 - INFO - Read 20 entries from CSV file
2025-03-07 02:59:09 - INFO - Data successfully written to output.json
2025-03-07 02:59:09 - INFO - Waiting 20 seconds before next update...
2025-03-07 02:59:16 - INFO - Configuration loaded successfully
2025-03-07 02:59:16 - INFO - Reading SF moving resources data...
2025-03-07 02:59:16 - INFO - Read 20 entries from CSV file
2025-03-07 02:59:16 - INFO - Data successfully written to output.json
2025-03-07 02:59:16 - INFO - Waiting 20 seconds before next update...
2025-03-07 02:59:29 - INFO - Configuration loaded successfully
2025-03-07 02:59:29 - INFO - Reading SF moving resources data...
2025-03-07 02:59:29 - INFO - Read 20 entries from CSV file
2025-03-07 02:59:29 - INFO - Data successfully written to output.json
2025-03-07 02:59:29 - INFO - Waiting 20 seconds before next update...
2025-03-07 02:59:36 - INFO - Configuration loaded successfully
2025-03-07 02:59:36 - INFO - Reading SF moving resources data...
2025-03-07 02:59:36 - INFO - Read 20 entries from CSV file
2025-03-07 02:59:36 - INFO - Data successfully written to output.json
2025-03-07 02:59:36 - INFO - Waiting 20 seconds before next update...
2025-03-07 02:59:49 - INFO - Configuration loaded successfully
2025-03-07 02:59:49 - INFO - Reading SF moving resources data...
2025-03-07 02:59:49 - INFO - Read 20 entries from CSV file
2025-03-07 02:59:49 - INFO - Data successfully written to output.json
2025-03-07 02:59:49 - INFO - Waiting 20 seconds before next update...
2025-03-07 02:59:56 - INFO - Configuration loaded successfully
2025-03-07 02:59:56 - INFO - Reading SF moving resources data...
2025-03-07 02:59:56 - INFO - Read 20 entries from CSV file
2025-03-07 02:59:56 - INFO - Data successfully written to output.json
2025-03-07 02:59:56 - INFO - Waiting 20 seconds before next update...
2025-03-07 03:00:09 - INFO - Configuration loaded successfully
2025-03-07 03:00:09 - INFO - Reading SF moving resources data...
2025-03-07 03:00:09 - INFO - Read 20 entries from CSV file
2025-03-07 03:00:09 - INFO - Data successfully written to output.json
2025-03-07 03:00:09 - INFO - Waiting 20 seconds before next update...
2025-03-07 03:00:16 - INFO - Configuration loaded successfully
2025-03-07 03:00:16 - INFO - Reading SF moving resources data...
2025-03-07 03:00:16 - INFO - Read 20 entries from CSV file
2025-03-07 03:00:16 - INFO - Data successfully written to output.json
2025-03-07 03:00:16 - INFO - Waiting 20 seconds before next update...
2025-03-07 03:00:29 - INFO - Configuration loaded successfully
2025-03-07 03:00:29 - INFO - Reading SF moving resources data...
2025-03-07 03:00:29 - INFO - Read 20 entries from CSV file
2025-03-07 03:00:29 - INFO - Data successfully written to output.json
2025-03-07 03:00:29 - INFO - Waiting 20 seconds before next update...
2025-03-07 03:00:36 - INFO - Configuration loaded successfully
2025-03-07 03:00:36 - INFO - Reading SF moving resources data...
2025-03-07 03:00:36 - INFO - Read 20 entries from CSV file
2025-03-07 03:00:36 - INFO - Data successfully written to output.json
2025-03-07 03:00:36 - INFO - Waiting 20 seconds before next update...
2025-03-07 03:00:49 - INFO - Configuration loaded successfully
2025-03-07 03:00:49 - INFO - Reading SF moving resources data...
2025-03-07 03:00:49 - INFO - Read 20 entries from CSV file
2025-03-07 03:00:49 - INFO - Data successfully written to output.json
2025-03-07 03:00:49 - INFO - Waiting 20 seconds before next update...
2025-03-07 03:00:56 - INFO - Configuration loaded successfully
2025-03-07 03:00:56 - INFO - Reading SF moving resources data...
2025-03-07 03:00:56 - INFO - Read 20 entries from CSV file
2025-03-07 03:00:56 - INFO - Data successfully written to output.json
2025-03-07 03:00:56 - INFO - Waiting 20 seconds before next update...
2025-03-07 03:01:09 - INFO - Configuration loaded successfully
2025-03-07 03:01:09 - INFO - Reading SF moving resources data...
2025-03-07 03:01:09 - INFO - Read 20 entries from CSV file
2025-03-07 03:01:09 - INFO - Data successfully written to output.json
2025-03-07 03:01:09 - INFO - Waiting 20 seconds before next update...
2025-03-07 03:01:16 - INFO - Configuration loaded successfully
2025-03-07 03:01:16 - INFO - Reading SF moving resources data...
2025-03-07 03:01:16 - INFO - Read 20 entries from CSV file
2025-03-07 03:01:16 - INFO - Data successfully written to output.json
2025-03-07 03:01:16 - INFO - Waiting 20 seconds before next update...
2025-03-07 03:01:29 - INFO - Configuration loaded successfully
2025-03-07 03:01:29 - INFO - Reading SF moving resources data...
2025-03-07 03:01:29 - INFO - Read 20 entries from CSV file
2025-03-07 03:01:29 - INFO - Data successfully written to output.json
2025-03-07 03:01:29 - INFO - Waiting 20 seconds before next update...
2025-03-07 03:01:36 - INFO - Configuration loaded successfully
2025-03-07 03:01:36 - INFO - Reading SF moving resources data...
2025-03-07 03:01:36 - INFO - Read 20 entries from CSV file
2025-03-07 03:01:36 - INFO - Data successfully written to output.json
2025-03-07 03:01:36 - INFO - Waiting 20 seconds before next update...
2025-03-07 03:01:49 - INFO - Configuration loaded successfully
2025-03-07 03:01:49 - INFO - Reading SF moving resources data...
2025-03-07 03:01:49 - INFO - Read 20 entries from CSV file
2025-03-07 03:01:49 - INFO - Data successfully written to output.json
2025-03-07 03:01:49 - INFO - Waiting 20 seconds before next update...
2025-03-07 03:01:56 - INFO - Configuration loaded successfully
2025-03-07 03:01:56 - INFO - Reading SF moving resources data...
2025-03-07 03:01:56 - INFO - Read 20 entries from CSV file
2025-03-07 03:01:56 - INFO - Data successfully written to output.json
2025-03-07 03:01:56 - INFO - Waiting 20 seconds before next update...
2025-03-07 03:02:09 - INFO - Configuration loaded successfully
2025-03-07 03:02:09 - INFO - Reading SF moving resources data...
2025-03-07 03:02:09 - INFO - Read 20 entries from CSV file
2025-03-07 03:02:09 - INFO - Data successfully written to output.json
2025-03-07 03:02:09 - INFO - Waiting 20 seconds before next update...
2025-03-07 03:02:16 - INFO - Configuration loaded successfully
2025-03-07 03:02:16 - INFO - Reading SF moving resources data...
2025-03-07 03:02:16 - INFO - Read 20 entries from CSV file
2025-03-07 03:02:16 - INFO - Data successfully written to output.json
2025-03-07 03:02:16 - INFO - Waiting 20 seconds before next update...
2025-03-07 03:02:29 - INFO - Configuration loaded successfully
2025-03-07 03:02:29 - INFO - Reading SF moving resources data...
2025-03-07 03:02:29 - INFO - Read 20 entries from CSV file
2025-03-07 03:02:29 - INFO - Data successfully written to output.json
2025-03-07 03:02:29 - INFO - Waiting 20 seconds before next update...
